[2023-02-04T06:37:34.086] [ERROR] myLoggerError - Error: user validation failed: name: Path `name` is required., phone: Path `phone` is required., address: Path `address` is required., age: Path `age` is required., avatar: Path `avatar` is required.
    at ValidationError.inspect (C:\Users\Aramonda\Downloads\BackEnd\clase36\node_modules\mongoose\lib\error\validation.js:50:26)
    at formatValue (node:internal/util/inspect:780:19)
    at inspect (node:internal/util/inspect:345:10)
    at formatWithOptionsInternal (node:internal/util/inspect:2165:40)
    at Object.format (node:internal/util/inspect:2019:10)
    at basicLayout (C:\Users\Aramonda\Downloads\BackEnd\clase36\node_modules\log4js\lib\layouts.js:65:52)
    at app (C:\Users\Aramonda\Downloads\BackEnd\clase36\node_modules\log4js\lib\appenders\file.js:98:23)
    at C:\Users\Aramonda\Downloads\BackEnd\clase36\node_modules\log4js\lib\log4js.js:43:5
    at Array.forEach (<anonymous>)
    at sendLogEventToAppender (C:\Users\Aramonda\Downloads\BackEnd\clase36\node_modules\log4js\lib\log4js.js:42:21)
    at C:\Users\Aramonda\Downloads\BackEnd\clase36\node_modules\log4js\lib\clustering.js:25:28
    at Array.forEach (<anonymous>)
    at sendToListeners (C:\Users\Aramonda\Downloads\BackEnd\clase36\node_modules\log4js\lib\clustering.js:25:13)
    at Object.send (C:\Users\Aramonda\Downloads\BackEnd\clase36\node_modules\log4js\lib\clustering.js:91:7)
    at Logger._log (C:\Users\Aramonda\Downloads\BackEnd\clase36\node_modules\log4js\lib\logger.js:195:16)
    at Logger.log (C:\Users\Aramonda\Downloads\BackEnd\clase36\node_modules\log4js\lib\logger.js:155:12)
    at Logger.error (C:\Users\Aramonda\Downloads\BackEnd\clase36\node_modules\log4js\lib\logger.js:235:10)
    at _callee$ (C:\Users\Aramonda\Downloads\BackEnd\clase36\src\services\/auth.js:52:17)
    at tryCatch (C:\Users\Aramonda\Downloads\BackEnd\clase36\src\services\/auth.js:2:1)
    at Generator.<anonymous> (C:\Users\Aramonda\Downloads\BackEnd\clase36\src\services\/auth.js:2:1)
    at Generator.throw (C:\Users\Aramonda\Downloads\BackEnd\clase36\src\services\/auth.js:2:1)
    at asyncGeneratorStep (C:\Users\Aramonda\Downloads\BackEnd\clase36\src\services\/auth.js:2:1)
    at _throw (C:\Users\Aramonda\Downloads\BackEnd\clase36\src\services\/auth.js:2:1)
    at processTicksAndRejections (node:internal/process/task_queues:96:5) {
  errors: {
    name: ValidatorError: Path `name` is required.
        at validate (C:\Users\Aramonda\Downloads\BackEnd\clase36\node_modules\mongoose\lib\schematype.js:1346:13)
        at SchemaString.SchemaType.doValidate (C:\Users\Aramonda\Downloads\BackEnd\clase36\node_modules\mongoose\lib\schematype.js:1330:7)
        at C:\Users\Aramonda\Downloads\BackEnd\clase36\node_modules\mongoose\lib\document.js:2903:18
        at processTicksAndRejections (node:internal/process/task_queues:78:11) {
      properties: [Object],
      kind: 'required',
      path: 'name',
      value: undefined,
      reason: undefined,
      [Symbol(mongoose:validatorError)]: true
    },
    phone: ValidatorError: Path `phone` is required.
        at validate (C:\Users\Aramonda\Downloads\BackEnd\clase36\node_modules\mongoose\lib\schematype.js:1346:13)
        at SchemaString.SchemaType.doValidate (C:\Users\Aramonda\Downloads\BackEnd\clase36\node_modules\mongoose\lib\schematype.js:1330:7)
        at C:\Users\Aramonda\Downloads\BackEnd\clase36\node_modules\mongoose\lib\document.js:2903:18
        at processTicksAndRejections (node:internal/process/task_queues:78:11) {
      properties: [Object],
      kind: 'required',
      path: 'phone',
      value: undefined,
      reason: undefined,
      [Symbol(mongoose:validatorError)]: true
    },
    address: ValidatorError: Path `address` is required.
        at validate (C:\Users\Aramonda\Downloads\BackEnd\clase36\node_modules\mongoose\lib\schematype.js:1346:13)
        at SchemaString.SchemaType.doValidate (C:\Users\Aramonda\Downloads\BackEnd\clase36\node_modules\mongoose\lib\schematype.js:1330:7)
        at C:\Users\Aramonda\Downloads\BackEnd\clase36\node_modules\mongoose\lib\document.js:2903:18
        at processTicksAndRejections (node:internal/process/task_queues:78:11) {
      properties: [Object],
      kind: 'required',
      path: 'address',
      value: undefined,
      reason: undefined,
      [Symbol(mongoose:validatorError)]: true
    },
    age: ValidatorError: Path `age` is required.
        at validate (C:\Users\Aramonda\Downloads\BackEnd\clase36\node_modules\mongoose\lib\schematype.js:1346:13)
        at SchemaString.SchemaType.doValidate (C:\Users\Aramonda\Downloads\BackEnd\clase36\node_modules\mongoose\lib\schematype.js:1330:7)
        at C:\Users\Aramonda\Downloads\BackEnd\clase36\node_modules\mongoose\lib\document.js:2903:18
        at processTicksAndRejections (node:internal/process/task_queues:78:11) {
      properties: [Object],
      kind: 'required',
      path: 'age',
      value: undefined,
      reason: undefined,
      [Symbol(mongoose:validatorError)]: true
    },
    avatar: ValidatorError: Path `avatar` is required.
        at validate (C:\Users\Aramonda\Downloads\BackEnd\clase36\node_modules\mongoose\lib\schematype.js:1346:13)
        at SchemaString.SchemaType.doValidate (C:\Users\Aramonda\Downloads\BackEnd\clase36\node_modules\mongoose\lib\schematype.js:1330:7)
        at C:\Users\Aramonda\Downloads\BackEnd\clase36\node_modules\mongoose\lib\document.js:2903:18
        at processTicksAndRejections (node:internal/process/task_queues:78:11) {
      properties: [Object],
      kind: 'required',
      path: 'avatar',
      value: undefined,
      reason: undefined,
      [Symbol(mongoose:validatorError)]: true
    }
  },
  _message: 'user validation failed'
}
